<?xml version="1.0" encoding="UTF-8"?>
<!-- Generated by org.testng.reporters.JUnitReportReporter -->
<testsuite hostname="DESKTOP-3R73L8V" failures="0" tests="1" name="com.nopcommerce.tesCases.TC_LoginTest_001" time="10.036" errors="0" timestamp="04 Dec 2019 16:08:00 GMT" skipped="0">
  <testcase classname="com.nopcommerce.tesCases.TC_LoginTest_001" name="loginTest" time="10.036"/>
</testsuite> <!-- com.nopcommerce.tesCases.TC_LoginTest_001 -->
