<?xml version="1.0" encoding="UTF-8"?>
<!-- Generated by org.testng.reporters.JUnitReportReporter -->
<testsuite hostname="DESKTOP-3R73L8V" failures="0" tests="4" name="com.nopcommerce.testCases.TC_LoginDDT_002" time="40.866" errors="0" timestamp="05 Dec 2019 16:15:30 GMT" skipped="0">
  <testcase classname="com.nopcommerce.testCases.TC_LoginDDT_002" name="loginTest" time="7.085"/>
  <testcase classname="com.nopcommerce.testCases.TC_LoginDDT_002" name="loginTest" time="19.881"/>
  <testcase classname="com.nopcommerce.testCases.TC_LoginDDT_002" name="loginTest" time="6.928"/>
  <testcase classname="com.nopcommerce.testCases.TC_LoginDDT_002" name="loginTest" time="6.972"/>
</testsuite> <!-- com.nopcommerce.testCases.TC_LoginDDT_002 -->
